<?xml version="1.0" encoding="UTF-8"?>
<testsuite xmlns:xsi="http://www.w3.org/2001/XMLSchema-instance" xsi:noNamespaceSchemaLocation="https://maven.apache.org/surefire/maven-surefire-plugin/xsd/surefire-test-report.xsd" name="TestSuite" time="162.702" tests="8" errors="0" skipped="0" failures="0">
  <properties>
[...]
</properties>
  <testcase name="loginAsDistrictuser" classname="test.java.uiAutomation.testcases.Login" time="64.268"/>
  <testcase name="loginAsDistrictuser" classname="test.java.uiAutomation.testcases.Login" time="88.129"/>
  <testcase name="loginAsCampusUser" classname="test.java.uiAutomation.testcases.Login" time="0.246"/>
  <testcase name="loginAsCampusUser" classname="test.java.uiAutomation.testcases.Login" time="0.252"/>
  <testcase name="loginAsDistrictuser" classname="test.java.uiAutomation.testcases.login2" time="1.611"/>
  <testcase name="loginAsDistrictuser" classname="test.java.uiAutomation.testcases.login2" time="0.968"/>
  <testcase name="loginAsCampusUser" classname="test.java.uiAutomation.testcases.login2" time="0.219"/>
  <testcase name="loginAsCampusUser" classname="test.java.uiAutomation.testcases.login2" time="0.218"/>
</testsuite>