<?xml version="1.0" encoding="UTF-8"?>
<testng-results ignored="0" total="8" passed="8" failed="0" skipped="0">
  <reporter-output>
  </reporter-output>
  <suite started-at="2021-07-31T09:04:51Z" name="All Test Suite" finished-at="2021-07-31T09:07:32Z" duration-ms="161327">
    <groups>
      <group name="1">
        <method signature="Login.loginAsCampusUser()[pri:1, instance:test.java.uiAutomation.testcases.Login@54504ecd]" name="loginAsCampusUser" class="test.java.uiAutomation.testcases.Login"/>
        <method signature="Login.loginAsDistrictuser()[pri:0, instance:test.java.uiAutomation.testcases.Login@54504ecd]" name="loginAsDistrictuser" class="test.java.uiAutomation.testcases.Login"/>
        <method signature="Login.loginAsCampusUser()[pri:1, instance:test.java.uiAutomation.testcases.Login@5c2375a9]" name="loginAsCampusUser" class="test.java.uiAutomation.testcases.Login"/>
        <method signature="Login.loginAsDistrictuser()[pri:0, instance:test.java.uiAutomation.testcases.Login@5c2375a9]" name="loginAsDistrictuser" class="test.java.uiAutomation.testcases.Login"/>
      </group> <!-- 1 -->
    </groups>
    <test started-at="2021-07-31T09:04:51Z" name="cucumberTest" finished-at="2021-07-31T09:06:00Z" duration-ms="69288">
      <class name="test.java.uiAutomation.testcases.Login">
        <test-method is-config="true" signature="beforeclass()[pri:0, instance:test.java.uiAutomation.testcases.Login@54504ecd]" started-at="2021-07-31T09:04:53Z" name="beforeclass" finished-at="2021-07-31T09:04:53Z" duration-ms="1" status="PASS">
          <reporter-output>
          </reporter-output>
        </test-method> <!-- beforeclass -->
        <test-method is-config="true" signature="beforemethod()[pri:0, instance:test.java.uiAutomation.testcases.Login@54504ecd]" started-at="2021-07-31T09:04:53Z" name="beforemethod" finished-at="2021-07-31T09:04:53Z" duration-ms="0" status="PASS">
          <reporter-output>
          </reporter-output>
        </test-method> <!-- beforemethod -->
        <test-method signature="loginAsDistrictuser()[pri:0, instance:test.java.uiAutomation.testcases.Login@54504ecd]" started-at="2021-07-31T09:04:53Z" name="loginAsDistrictuser" finished-at="2021-07-31T09:05:58Z" duration-ms="64268" status="PASS">
          <reporter-output>
          </reporter-output>
        </test-method> <!-- loginAsDistrictuser -->
        <test-method is-config="true" signature="aftermethod()[pri:0, instance:test.java.uiAutomation.testcases.Login@54504ecd]" started-at="2021-07-31T09:05:58Z" name="aftermethod" finished-at="2021-07-31T09:05:58Z" duration-ms="0" status="PASS">
          <reporter-output>
          </reporter-output>
        </test-method> <!-- aftermethod -->
        <test-method signature="loginAsCampusUser()[pri:1, instance:test.java.uiAutomation.testcases.Login@54504ecd]" started-at="2021-07-31T09:05:58Z" name="loginAsCampusUser" finished-at="2021-07-31T09:05:58Z" duration-ms="246" status="PASS">
          <reporter-output>
          </reporter-output>
        </test-method> <!-- loginAsCampusUser -->
        <test-method is-config="true" signature="beforemethod()[pri:0, instance:test.java.uiAutomation.testcases.Login@54504ecd]" started-at="2021-07-31T09:05:58Z" name="beforemethod" finished-at="2021-07-31T09:05:58Z" duration-ms="0" status="PASS">
          <reporter-output>
          </reporter-output>
        </test-method> <!-- beforemethod -->
        <test-method is-config="true" signature="aftermethod()[pri:0, instance:test.java.uiAutomation.testcases.Login@54504ecd]" started-at="2021-07-31T09:05:58Z" name="aftermethod" finished-at="2021-07-31T09:05:58Z" duration-ms="0" status="PASS">
          <reporter-output>
          </reporter-output>
        </test-method> <!-- aftermethod -->
        <test-method is-config="true" signature="afterclass()[pri:0, instance:test.java.uiAutomation.testcases.Login@54504ecd]" started-at="2021-07-31T09:05:58Z" name="afterclass" finished-at="2021-07-31T09:05:58Z" duration-ms="0" status="PASS">
          <reporter-output>
          </reporter-output>
        </test-method> <!-- afterclass -->
      </class> <!-- test.java.uiAutomation.testcases.Login -->
      <class name="test.java.uiAutomation.testcases.login2">
        <test-method signature="loginAsDistrictuser()[pri:0, instance:test.java.uiAutomation.testcases.login2@38b27cdc]" started-at="2021-07-31T09:05:58Z" name="loginAsDistrictuser" depends-on-groups="1" finished-at="2021-07-31T09:05:59Z" duration-ms="1613" status="PASS">
          <reporter-output>
          </reporter-output>
        </test-method> <!-- loginAsDistrictuser -->
        <test-method is-config="true" signature="beforemethod()[pri:0, instance:test.java.uiAutomation.testcases.login2@38b27cdc]" started-at="2021-07-31T09:05:58Z" name="beforemethod" finished-at="2021-07-31T09:05:58Z" duration-ms="0" status="PASS">
          <reporter-output>
          </reporter-output>
        </test-method> <!-- beforemethod -->
        <test-method signature="loginAsCampusUser()[pri:1, instance:test.java.uiAutomation.testcases.login2@38b27cdc]" started-at="2021-07-31T09:05:59Z" name="loginAsCampusUser" depends-on-groups="1" finished-at="2021-07-31T09:06:00Z" duration-ms="221" status="PASS">
          <reporter-output>
          </reporter-output>
        </test-method> <!-- loginAsCampusUser -->
        <test-method is-config="true" signature="aftermethod()[pri:0, instance:test.java.uiAutomation.testcases.login2@38b27cdc]" started-at="2021-07-31T09:06:00Z" name="aftermethod" finished-at="2021-07-31T09:06:00Z" duration-ms="1" status="PASS">
          <reporter-output>
          </reporter-output>
        </test-method> <!-- aftermethod -->
      </class> <!-- test.java.uiAutomation.testcases.login2 -->
      <class name="test.java.uiAutomation.testcases.suite">
        <test-method is-config="true" signature="beforetest(java.lang.String)[pri:0, instance:test.java.uiAutomation.testcases.suite@74bf1791]" started-at="2021-07-31T09:04:51Z" name="beforetest" finished-at="2021-07-31T09:04:53Z" duration-ms="2186" status="PASS">
          <params>
            <param index="0">
              <value is-null="true"/>
            </param>
          </params>
          <reporter-output>
          </reporter-output>
        </test-method> <!-- beforetest -->
        <test-method is-config="true" signature="endTest()[pri:0, instance:test.java.uiAutomation.testcases.suite@74bf1791]" started-at="2021-07-31T09:06:00Z" name="endTest" finished-at="2021-07-31T09:06:00Z" duration-ms="716" status="PASS">
          <reporter-output>
          </reporter-output>
        </test-method> <!-- endTest -->
      </class> <!-- test.java.uiAutomation.testcases.suite -->
    </test> <!-- cucumberTest -->
    <test started-at="2021-07-31T09:06:01Z" name="cucumberTest1" finished-at="2021-07-31T09:07:32Z" duration-ms="91488">
      <class name="test.java.uiAutomation.testcases.login2">
        <test-method is-config="true" signature="beforemethod()[pri:0, instance:test.java.uiAutomation.testcases.login2@60129b9a]" started-at="2021-07-31T09:07:31Z" name="beforemethod" finished-at="2021-07-31T09:07:31Z" duration-ms="0" status="PASS">
          <reporter-output>
          </reporter-output>
        </test-method> <!-- beforemethod -->
        <test-method signature="loginAsDistrictuser()[pri:0, instance:test.java.uiAutomation.testcases.login2@60129b9a]" started-at="2021-07-31T09:07:31Z" name="loginAsDistrictuser" depends-on-groups="1" finished-at="2021-07-31T09:07:32Z" duration-ms="970" status="PASS">
          <reporter-output>
          </reporter-output>
        </test-method> <!-- loginAsDistrictuser -->
        <test-method signature="loginAsCampusUser()[pri:1, instance:test.java.uiAutomation.testcases.login2@60129b9a]" started-at="2021-07-31T09:07:32Z" name="loginAsCampusUser" depends-on-groups="1" finished-at="2021-07-31T09:07:32Z" duration-ms="219" status="PASS">
          <reporter-output>
          </reporter-output>
        </test-method> <!-- loginAsCampusUser -->
        <test-method is-config="true" signature="aftermethod()[pri:0, instance:test.java.uiAutomation.testcases.login2@60129b9a]" started-at="2021-07-31T09:07:32Z" name="aftermethod" finished-at="2021-07-31T09:07:32Z" duration-ms="0" status="PASS">
          <reporter-output>
          </reporter-output>
        </test-method> <!-- aftermethod -->
      </class> <!-- test.java.uiAutomation.testcases.login2 -->
      <class name="test.java.uiAutomation.testcases.Login">
        <test-method is-config="true" signature="beforeclass()[pri:0, instance:test.java.uiAutomation.testcases.Login@5c2375a9]" started-at="2021-07-31T09:06:02Z" name="beforeclass" finished-at="2021-07-31T09:06:02Z" duration-ms="0" status="PASS">
          <reporter-output>
          </reporter-output>
        </test-method> <!-- beforeclass -->
        <test-method is-config="true" signature="beforemethod()[pri:0, instance:test.java.uiAutomation.testcases.Login@5c2375a9]" started-at="2021-07-31T09:06:02Z" name="beforemethod" finished-at="2021-07-31T09:06:02Z" duration-ms="0" status="PASS">
          <reporter-output>
          </reporter-output>
        </test-method> <!-- beforemethod -->
        <test-method signature="loginAsDistrictuser()[pri:0, instance:test.java.uiAutomation.testcases.Login@5c2375a9]" started-at="2021-07-31T09:06:02Z" name="loginAsDistrictuser" finished-at="2021-07-31T09:07:30Z" duration-ms="88183" status="PASS">
          <reporter-output>
          </reporter-output>
        </test-method> <!-- loginAsDistrictuser -->
        <test-method is-config="true" signature="aftermethod()[pri:0, instance:test.java.uiAutomation.testcases.Login@5c2375a9]" started-at="2021-07-31T09:07:30Z" name="aftermethod" finished-at="2021-07-31T09:07:30Z" duration-ms="0" status="PASS">
          <reporter-output>
          </reporter-output>
        </test-method> <!-- aftermethod -->
        <test-method is-config="true" signature="beforemethod()[pri:0, instance:test.java.uiAutomation.testcases.Login@5c2375a9]" started-at="2021-07-31T09:07:30Z" name="beforemethod" finished-at="2021-07-31T09:07:30Z" duration-ms="0" status="PASS">
          <reporter-output>
          </reporter-output>
        </test-method> <!-- beforemethod -->
        <test-method signature="loginAsCampusUser()[pri:1, instance:test.java.uiAutomation.testcases.Login@5c2375a9]" started-at="2021-07-31T09:07:30Z" name="loginAsCampusUser" finished-at="2021-07-31T09:07:31Z" duration-ms="254" status="PASS">
          <reporter-output>
          </reporter-output>
        </test-method> <!-- loginAsCampusUser -->
        <test-method is-config="true" signature="aftermethod()[pri:0, instance:test.java.uiAutomation.testcases.Login@5c2375a9]" started-at="2021-07-31T09:07:31Z" name="aftermethod" finished-at="2021-07-31T09:07:31Z" duration-ms="0" status="PASS">
          <reporter-output>
          </reporter-output>
        </test-method> <!-- aftermethod -->
        <test-method is-config="true" signature="afterclass()[pri:0, instance:test.java.uiAutomation.testcases.Login@5c2375a9]" started-at="2021-07-31T09:07:31Z" name="afterclass" finished-at="2021-07-31T09:07:31Z" duration-ms="0" status="PASS">
          <reporter-output>
          </reporter-output>
        </test-method> <!-- afterclass -->
      </class> <!-- test.java.uiAutomation.testcases.Login -->
      <class name="test.java.uiAutomation.testcases.suite">
        <test-method is-config="true" signature="beforetest(java.lang.String)[pri:0, instance:test.java.uiAutomation.testcases.suite@d41f816]" started-at="2021-07-31T09:06:01Z" name="beforetest" finished-at="2021-07-31T09:06:02Z" duration-ms="1146" status="PASS">
          <params>
            <param index="0">
              <value is-null="true"/>
            </param>
          </params>
          <reporter-output>
          </reporter-output>
        </test-method> <!-- beforetest -->
        <test-method is-config="true" signature="endTest()[pri:0, instance:test.java.uiAutomation.testcases.suite@d41f816]" started-at="2021-07-31T09:07:32Z" name="endTest" finished-at="2021-07-31T09:07:32Z" duration-ms="711" status="PASS">
          <reporter-output>
          </reporter-output>
        </test-method> <!-- endTest -->
      </class> <!-- test.java.uiAutomation.testcases.suite -->
    </test> <!-- cucumberTest1 -->
  </suite> <!-- All Test Suite -->
</testng-results>
