<?xml version="1.0" encoding="UTF-8"?>
<!-- Generated by org.testng.reporters.JUnitXMLReporter -->
<testsuite ignored="0" hostname="UW-IN-LPT0077" failures="0" tests="4" name="cucumberTest" time="69.288" errors="0" timestamp="31 Jul 2021 09:06:00 GMT">
  <testcase classname="test.java.uiAutomation.testcases.Login" name="loginAsDistrictuser" time="64.268"/>
  <testcase classname="test.java.uiAutomation.testcases.Login" name="loginAsCampusUser" time="0.246"/>
  <testcase classname="test.java.uiAutomation.testcases.login2" name="loginAsDistrictuser" time="1.613"/>
  <testcase classname="test.java.uiAutomation.testcases.login2" name="loginAsCampusUser" time="0.221"/>
</testsuite> <!-- cucumberTest -->
